2021-06-18 21:41:58,049:INFO:Initializing load_model()
2021-06-18 21:41:58,050:INFO:load_model(model_name=model/modelo-final, platform=None, authentication=None, verbose=True)
2021-06-18 21:42:11,064:INFO:Initializing load_model()
2021-06-18 21:42:11,072:INFO:load_model(model_name=model/modelo-final, platform=None, authentication=None, verbose=True)
2021-06-18 21:42:14,151:INFO:Initializing load_model()
2021-06-18 21:42:14,161:INFO:load_model(model_name=model/modelo-final, platform=None, authentication=None, verbose=True)
2021-06-18 21:42:17,342:INFO:Initializing load_model()
2021-06-18 21:42:17,349:INFO:load_model(model_name=model/modelo-final, platform=None, authentication=None, verbose=True)
2021-06-18 21:42:23,082:INFO:Initializing load_model()
2021-06-18 21:42:23,087:INFO:load_model(model_name=model/modelo-final, platform=None, authentication=None, verbose=True)
2021-06-18 21:42:27,363:INFO:Initializing load_model()
2021-06-18 21:42:27,364:INFO:load_model(model_name=model/modelo-final, platform=None, authentication=None, verbose=True)
2021-06-18 21:42:29,889:INFO:Initializing load_model()
2021-06-18 21:42:29,892:INFO:load_model(model_name=model/modelo-final, platform=None, authentication=None, verbose=True)
2021-06-18 21:42:32,316:INFO:Initializing load_model()
2021-06-18 21:42:32,318:INFO:load_model(model_name=model/modelo-final, platform=None, authentication=None, verbose=True)
2021-06-18 21:42:34,742:INFO:Initializing load_model()
2021-06-18 21:42:34,743:INFO:load_model(model_name=model/modelo-final, platform=None, authentication=None, verbose=True)
2021-06-18 21:42:39,925:INFO:Initializing load_model()
2021-06-18 21:42:39,929:INFO:load_model(model_name=model/modelo-final, platform=None, authentication=None, verbose=True)
2021-06-18 21:42:43,986:INFO:Initializing load_model()
2021-06-18 21:42:43,994:INFO:load_model(model_name=model/modelo-final, platform=None, authentication=None, verbose=True)
2021-06-18 21:42:47,059:INFO:Initializing load_model()
2021-06-18 21:42:47,062:INFO:load_model(model_name=model/modelo-final, platform=None, authentication=None, verbose=True)
2021-06-18 21:42:47,364:INFO:Initializing load_model()
2021-06-18 21:42:47,365:INFO:load_model(model_name=model/modelo-final, platform=None, authentication=None, verbose=True)
2021-06-18 21:42:47,633:INFO:Initializing predict_model()
2021-06-18 21:42:47,633:INFO:predict_model(estimator=Pipeline(steps=[('dtypes',
                 DataTypes_Auto_infer(ml_usecase='regression',
                                      numerical_features=['num_quartos',
                                                          'num_banheiros',
                                                          'garagem',
                                                          'num_andares',
                                                          'aceita_animais',
                                                          'mobilia'],
                                      target='valor_aluguel')),
                ('imputer',
                 Simple_Imputer(categorical_strategy='not_available',
                                fill_value_categorical=None,
                                fill_value_numerical=None,
                                numeric_strategy='mean',
                                target_vari...
                ('binn', 'passthrough'), ('rem_outliers', 'passthrough'),
                ('cluster_all', 'passthrough'),
                ('dummy', Dummify(target='valor_aluguel')),
                ('fix_perfect', Remove_100(target='valor_aluguel')),
                ('clean_names', Clean_Colum_Names()),
                ('feature_select', 'passthrough'), ('fix_multi', 'passthrough'),
                ('dfs', 'passthrough'), ('pca', 'passthrough'),
                ['trained_model',
                 GradientBoostingRegressor(random_state=2197)]]), probability_threshold=None, encoded_labels=True, raw_score=False, round=4, verbose=True, ml_usecase=MLUsecase.REGRESSION, display=None)
2021-06-18 21:42:47,633:INFO:Checking exceptions
2021-06-18 21:42:47,634:INFO:Preloading libraries
